<?xml version="1.0" encoding="UTF-8"?>
<!-- Generated by org.testng.reporters.JUnitXMLReporter -->
<testsuite hostname="ALP000000860" name="Default test" tests="3" failures="0" timestamp="29 Feb 2016 03:19:05 GMT" time="36.387" errors="0">
  <testcase name="searchProduct" time="0.374" classname="myretailTest.FindAllProductsPage"/>
  <testcase name="searchWithoutProductId" time="0.378" classname="myretailTest.FindAllProductsPage"/>
  <testcase name="verifyAllProducts" time="30.58" classname="myretailTest.FindAllProductsPage"/>
</testsuite> <!-- Default test -->
