<?xml version="1.0" encoding="UTF-8"?>
<!-- Generated by org.testng.reporters.JUnitXMLReporter -->
<testsuite hostname="ALP000000860" name="Test" tests="9" failures="0" timestamp="29 Feb 2016 03:29:12 GMT" time="44.705" errors="0">
  <testcase name="verifyPageTitle" time="0.138" classname="myretailTest.LandingPageTest"/>
  <testcase name="verifySearchProduct" time="0.186" classname="myretailTest.LandingPageTest"/>
  <testcase name="verifyThreeButtons" time="0.218" classname="myretailTest.LandingPageTest"/>
  <testcase name="verifyTableHeader" time="0.255" classname="myretailTest.LandingPageTest"/>
  <testcase name="searchWithoutProductId" time="3.643" classname="myretailTest.FindAllProductsPage"/>
  <testcase name="searchProduct" time="30.346" classname="myretailTest.FindAllProductsPage"/>
  <testcase name="verifyAllProducts" time="30.359" classname="myretailTest.FindAllProductsPage"/>
  <testcase name="verifyAllProducts" time="30.718" classname="myretailTest.FindAllProductsInStock"/>
  <testcase name="verifyAllProducts" time="30.461" classname="myretailTest.FindAllProductsOutOfStock"/>
</testsuite> <!-- Test -->
