<?xml version="1.0" encoding="UTF-8"?>
<testng-results skipped="0" failed="0" total="4" passed="4">
  <reporter-output>
  </reporter-output>
  <suite name="myretailTest.LandingPageTest" duration-ms="12382" started-at="2016-02-29T00:52:37Z" finished-at="2016-02-29T00:52:50Z">
    <groups>
    </groups>
    <test name="Command line test" duration-ms="12382" started-at="2016-02-29T00:52:37Z" finished-at="2016-02-29T00:52:50Z">
      <class name="myretailTest.LandingPageTest">
        <test-method status="PASS" signature="setup()[pri:0, instance:myretailTest.LandingPageTest@1d272e52]" name="setup" is-config="true" duration-ms="8371" started-at="2016-02-28T18:52:37Z" finished-at="2016-02-28T18:52:46Z">
          <reporter-output>
          </reporter-output>
        </test-method> <!-- setup -->
        <test-method status="PASS" signature="verifyPageTitle()[pri:0, instance:myretailTest.LandingPageTest@1d272e52]" name="verifyPageTitle" duration-ms="3229" started-at="2016-02-28T18:52:46Z" finished-at="2016-02-28T18:52:49Z">
          <reporter-output>
          </reporter-output>
        </test-method> <!-- verifyPageTitle -->
        <test-method status="PASS" signature="verifySearchProduct()[pri:0, instance:myretailTest.LandingPageTest@1d272e52]" name="verifySearchProduct" duration-ms="40" started-at="2016-02-28T18:52:49Z" finished-at="2016-02-28T18:52:49Z">
          <reporter-output>
          </reporter-output>
        </test-method> <!-- verifySearchProduct -->
        <test-method status="PASS" signature="verifyTableHeader()[pri:0, instance:myretailTest.LandingPageTest@1d272e52]" name="verifyTableHeader" duration-ms="95" started-at="2016-02-28T18:52:49Z" finished-at="2016-02-28T18:52:49Z">
          <reporter-output>
          </reporter-output>
        </test-method> <!-- verifyTableHeader -->
        <test-method status="PASS" signature="verifyThreeButtons()[pri:0, instance:myretailTest.LandingPageTest@1d272e52]" name="verifyThreeButtons" duration-ms="53" started-at="2016-02-28T18:52:49Z" finished-at="2016-02-28T18:52:49Z">
          <reporter-output>
          </reporter-output>
        </test-method> <!-- verifyThreeButtons -->
        <test-method status="PASS" signature="teardown()[pri:0, instance:myretailTest.LandingPageTest@1d272e52]" name="teardown" is-config="true" duration-ms="578" started-at="2016-02-28T18:52:49Z" finished-at="2016-02-28T18:52:50Z">
          <reporter-output>
          </reporter-output>
        </test-method> <!-- teardown -->
      </class> <!-- myretailTest.LandingPageTest -->
    </test> <!-- Command line test -->
  </suite> <!-- myretailTest.LandingPageTest -->
</testng-results>
