<?xml version="1.0" encoding="UTF-8"?>
<!-- Generated by org.testng.reporters.JUnitXMLReporter -->
<testsuite hostname="ALP000000860" name="Command line test" tests="4" failures="0" timestamp="29 Feb 2016 00:52:50 GMT" time="12.382" errors="0">
  <testcase name="verifyPageTitle" time="3.229" classname="myretailTest.LandingPageTest"/>
  <testcase name="verifySearchProduct" time="0.04" classname="myretailTest.LandingPageTest"/>
  <testcase name="verifyTableHeader" time="0.095" classname="myretailTest.LandingPageTest"/>
  <testcase name="verifyThreeButtons" time="0.053" classname="myretailTest.LandingPageTest"/>
</testsuite> <!-- Command line test -->
